<?xml version="1.0" encoding="UTF-8"?>
<coverage generated="1715321829933" clover="3.2.0">
  <project timestamp="1715321829933" name="All files">
    <metrics statements="27" coveredstatements="11" conditionals="16" coveredconditionals="3" methods="3" coveredmethods="2" elements="46" coveredelements="16" complexity="0" loc="27" ncloc="27" packages="1" files="1" classes="1"/>
    <file name="MonoployGame.js" path="V:\Assessment Projects\Yebelo - Monopoly\Monopoly-UI\src\MonoployGame.js">
      <metrics statements="27" coveredstatements="11" conditionals="16" coveredconditionals="3" methods="3" coveredmethods="2"/>
      <line num="6" count="1" type="stmt"/>
      <line num="7" count="1" type="stmt"/>
      <line num="8" count="1" type="stmt"/>
      <line num="9" count="1" type="stmt"/>
      <line num="10" count="1" type="stmt"/>
      <line num="11" count="1" type="stmt"/>
      <line num="13" count="1" type="stmt"/>
      <line num="14" count="1" type="stmt"/>
      <line num="15" count="1" type="stmt"/>
      <line num="16" count="0" type="stmt"/>
      <line num="17" count="0" type="stmt"/>
      <line num="18" count="0" type="stmt"/>
      <line num="19" count="0" type="stmt"/>
      <line num="20" count="0" type="stmt"/>
      <line num="21" count="0" type="stmt"/>
      <line num="23" count="0" type="stmt"/>
      <line num="27" count="1" type="stmt"/>
      <line num="29" count="0" type="stmt"/>
      <line num="31" count="0" type="stmt"/>
      <line num="34" count="0" type="stmt"/>
      <line num="37" count="0" type="stmt"/>
      <line num="38" count="0" type="stmt"/>
      <line num="39" count="0" type="stmt"/>
      <line num="42" count="0" type="cond" truecount="0" falsecount="2"/>
      <line num="43" count="0" type="cond" truecount="0" falsecount="4"/>
      <line num="46" count="0" type="cond" truecount="0" falsecount="2"/>
      <line num="50" count="1" type="stmt"/>
    </file>
  </project>
</coverage>
