{"V:\\Assessment Projects\\Yebelo - Monopoly\\Monopoly-UI\\src\\MonoployGame.js": {"path":"V:\\Assessment Projects\\Yebelo - Monopoly\\Monopoly-UI\\src\\MonoployGame.js","statementMap":{"0":{"start":{"line":6,"column":30},"end":{"line":6,"column":44}},"1":{"start":{"line":7,"column":30},"end":{"line":7,"column":44}},"2":{"start":{"line":8,"column":56},"end":{"line":8,"column":68}},"3":{"start":{"line":9,"column":42},"end":{"line":9,"column":54}},"4":{"start":{"line":10,"column":46},"end":{"line":10,"column":58}},"5":{"start":{"line":11,"column":42},"end":{"line":11,"column":57}},"6":{"start":{"line":13,"column":31},"end":{"line":25,"column":5}},"7":{"start":{"line":14,"column":8},"end":{"line":24,"column":9}},"8":{"start":{"line":15,"column":29},"end":{"line":15,"column":91}},"9":{"start":{"line":16,"column":12},"end":{"line":16,"column":34}},"10":{"start":{"line":17,"column":12},"end":{"line":17,"column":27}},"11":{"start":{"line":18,"column":12},"end":{"line":18,"column":27}},"12":{"start":{"line":19,"column":12},"end":{"line":19,"column":71}},"13":{"start":{"line":20,"column":12},"end":{"line":20,"column":49}},"14":{"start":{"line":21,"column":12},"end":{"line":21,"column":33}},"15":{"start":{"line":23,"column":12},"end":{"line":23,"column":61}},"16":{"start":{"line":27,"column":18},"end":{"line":48,"column":5}},"17":{"start":{"line":29,"column":8},"end":{"line":47,"column":9}},"18":{"start":{"line":31,"column":29},"end":{"line":33,"column":13}},"19":{"start":{"line":34,"column":12},"end":{"line":34,"column":49}},"20":{"start":{"line":37,"column":33},"end":{"line":37,"column":99}},"21":{"start":{"line":38,"column":12},"end":{"line":38,"column":46}},"22":{"start":{"line":39,"column":12},"end":{"line":39,"column":46}},"23":{"start":{"line":42,"column":12},"end":{"line":42,"column":64}},"24":{"start":{"line":43,"column":12},"end":{"line":43,"column":138}},"25":{"start":{"line":46,"column":12},"end":{"line":46,"column":104}},"26":{"start":{"line":50,"column":4},"end":{"line":75,"column":6}}},"fnMap":{"0":{"name":"MonopolyGame","decl":{"start":{"line":4,"column":9},"end":{"line":4,"column":21}},"loc":{"start":{"line":4,"column":24},"end":{"line":76,"column":1}},"line":4},"1":{"name":"(anonymous_1)","decl":{"start":{"line":13,"column":31},"end":{"line":13,"column":32}},"loc":{"start":{"line":13,"column":43},"end":{"line":25,"column":5}},"line":13},"2":{"name":"(anonymous_2)","decl":{"start":{"line":27,"column":18},"end":{"line":27,"column":19}},"loc":{"start":{"line":27,"column":30},"end":{"line":48,"column":5}},"line":27}},"branchMap":{"0":{"loc":{"start":{"line":32,"column":16},"end":{"line":32,"column":131}},"type":"cond-expr","locations":[{"start":{"line":32,"column":40},"end":{"line":32,"column":84}},{"start":{"line":32,"column":87},"end":{"line":32,"column":131}}],"line":32},"1":{"loc":{"start":{"line":42,"column":29},"end":{"line":42,"column":62}},"type":"cond-expr","locations":[{"start":{"line":42,"column":53},"end":{"line":42,"column":56}},{"start":{"line":42,"column":59},"end":{"line":42,"column":62}}],"line":42},"2":{"loc":{"start":{"line":43,"column":37},"end":{"line":43,"column":70}},"type":"cond-expr","locations":[{"start":{"line":43,"column":61},"end":{"line":43,"column":64}},{"start":{"line":43,"column":67},"end":{"line":43,"column":70}}],"line":43},"3":{"loc":{"start":{"line":43,"column":101},"end":{"line":43,"column":134}},"type":"cond-expr","locations":[{"start":{"line":43,"column":125},"end":{"line":43,"column":128}},{"start":{"line":43,"column":131},"end":{"line":43,"column":134}}],"line":43},"4":{"loc":{"start":{"line":46,"column":60},"end":{"line":46,"column":93}},"type":"cond-expr","locations":[{"start":{"line":46,"column":84},"end":{"line":46,"column":87}},{"start":{"line":46,"column":90},"end":{"line":46,"column":93}}],"line":46},"5":{"loc":{"start":{"line":56,"column":13},"end":{"line":71,"column":13}},"type":"binary-expr","locations":[{"start":{"line":56,"column":13},"end":{"line":56,"column":24}},{"start":{"line":57,"column":16},"end":{"line":70,"column":22}}],"line":56},"6":{"loc":{"start":{"line":72,"column":14},"end":{"line":72,"column":96}},"type":"binary-expr","locations":[{"start":{"line":72,"column":14},"end":{"line":72,"column":25}},{"start":{"line":72,"column":29},"end":{"line":72,"column":96}}],"line":72},"7":{"loc":{"start":{"line":73,"column":14},"end":{"line":73,"column":182}},"type":"binary-expr","locations":[{"start":{"line":73,"column":14},"end":{"line":73,"column":25}},{"start":{"line":73,"column":29},"end":{"line":73,"column":182}}],"line":73}},"s":{"0":1,"1":1,"2":1,"3":1,"4":1,"5":1,"6":1,"7":1,"8":1,"9":0,"10":0,"11":0,"12":0,"13":0,"14":0,"15":0,"16":1,"17":0,"18":0,"19":0,"20":0,"21":0,"22":0,"23":0,"24":0,"25":0,"26":1},"f":{"0":1,"1":1,"2":0},"b":{"0":[0,0],"1":[0,0],"2":[0,0],"3":[0,0],"4":[0,0],"5":[1,0],"6":[1,0],"7":[1,0]},"_coverageSchema":"1a1c01bbd47fc00a2c39e90264f33305004495a9","hash":"9058a5fc19d5a709fe162a2c2e59b8200fbdfa60"}
}
